C:\workarea\source\github\jenkinsci\temp\jenkins>mvn --version
Apache Maven 3.3.9 (bb52d8502b132ec0a5a3f4c09453c07478323dc5; 2015-11-10T16:41:47+00:00)
Maven home: c:\Java\maven-3.3.9\bin\..
Java version: 1.8.0_91, vendor: Oracle Corporation
Java home: c:\Java\jdk1.8.0_91\jre
Default locale: en_GB, platform encoding: Cp1252
OS name: "windows 10", version: "10.0", arch: "amd64", family: "dos"

C:\workarea\source\github\jenkinsci\temp\jenkins>git rev-parse HEAD
f106e249b6ef7a1212cef3ef8ef7a0c0effeb02a

C:\workarea\source\github\jenkinsci\temp\jenkins>git clean -fdx

C:\workarea\source\github\jenkinsci\temp\jenkins>mvn install
[INFO] Scanning for projects...
[INFO] ------------------------------------------------------------------------
[INFO] Reactor Build Order:
[INFO]
[INFO] Jenkins main module
[INFO] Jenkins cli
[INFO] Jenkins core
[INFO] Jenkins war
[INFO] Tests for Jenkins core
[INFO]
[INFO] ------------------------------------------------------------------------
[INFO] Building Jenkins main module 2.36-SNAPSHOT
[INFO] ------------------------------------------------------------------------
[INFO]
[INFO] --- maven-enforcer-plugin:1.0.1:enforce (enforce-maven) @ pom ---
[INFO]
[INFO] --- maven-enforcer-plugin:1.0.1:display-info (display-info) @ pom ---
[INFO] Maven Version: 3.3.9
[INFO] JDK Version: 1.8.0_91 normalized as: 1.8.0-91
[INFO] OS Info: Arch: amd64 Family: dos Name: windows 10 Version: 10.0
[INFO]
[INFO] --- maven-enforcer-plugin:1.0.1:enforce (default) @ pom ---
[INFO] Adding ignore: org.eclipse.jetty.spdy.*
[INFO]
[INFO] --- maven-enforcer-plugin:1.0.1:enforce (enforce-banned-dependencies) @ pom ---
[INFO]
[INFO] --- build-helper-maven-plugin:1.7:timestamp-property (timestamp-property) @ pom ---
[INFO] Setting property 'now' to '12/07/2016 19:22 GMT'.
[INFO]
[INFO] --- build-helper-maven-plugin:1.7:regex-property (version-property) @ pom ---
[INFO] Setting property 'build.version' to '2.36-SNAPSHOT (private-12/07/2016 19:22 GMT-jnord)'.
[INFO]
[INFO] --- build-helper-maven-plugin:1.7:add-source (add-source) @ pom ---
[INFO] Source directory: C:\workarea\source\github\jenkinsci\temp\jenkins\target\generated-sources\localizer added.
[INFO]
[INFO] --- gmaven-plugin:1.5-jenkins-3:generateStubs (default) @ pom ---
[INFO] No sources found for Java stub generation
[INFO]
[INFO] --- maven-remote-resources-plugin:1.2.1:process (default) @ pom ---
[INFO]
[INFO] --- gmaven-plugin:1.5-jenkins-3:compile (default) @ pom ---
[INFO] No sources found to compile
[INFO]
[INFO] --- animal-sniffer-maven-plugin:1.15:check (default) @ pom ---
[INFO] Checking unresolved references to org.codehaus.mojo.signature:java17:1.0
[INFO]
[INFO] --- gmaven-plugin:1.5-jenkins-3:generateTestStubs (default) @ pom ---
[INFO] No sources found for Java stub generation
[INFO]
[INFO] --- gmaven-plugin:1.5-jenkins-3:testCompile (default) @ pom ---
[INFO] No sources found to compile
[INFO]
[INFO] --- maven-install-plugin:2.3.1:install (default-install) @ pom ---
[INFO] Installing C:\workarea\source\github\jenkinsci\temp\jenkins\pom.xml to C:\Users\jnord\.m2\repository\org\jenkins-ci\main\pom\2.36-SNAPSHOT\pom-2.36-SNAPSHOT.pom
[INFO]
[INFO] ------------------------------------------------------------------------
[INFO] Building Jenkins cli 2.36-SNAPSHOT
[INFO] ------------------------------------------------------------------------
[INFO]
[INFO] --- maven-enforcer-plugin:1.0.1:enforce (enforce-maven) @ cli ---
[INFO]
[INFO] --- maven-enforcer-plugin:1.0.1:display-info (display-info) @ cli ---
[INFO] Maven Version: 3.3.9
[INFO] JDK Version: 1.8.0_91 normalized as: 1.8.0-91
[INFO] OS Info: Arch: amd64 Family: dos Name: windows 10 Version: 10.0
[INFO]
[INFO] --- maven-enforcer-plugin:1.0.1:enforce (default) @ cli ---
[INFO] Adding ignore: org.eclipse.jetty.spdy.*
[INFO]
[INFO] --- maven-enforcer-plugin:1.0.1:enforce (enforce-banned-dependencies) @ cli ---
[INFO]
[INFO] --- build-helper-maven-plugin:1.7:timestamp-property (timestamp-property) @ cli ---
[INFO] Setting property 'now' to '12/07/2016 19:22 GMT'.
[INFO]
[INFO] --- build-helper-maven-plugin:1.7:regex-property (version-property) @ cli ---
[INFO] Setting property 'build.version' to '2.36-SNAPSHOT (private-12/07/2016 19:22 GMT-jnord)'.
[INFO]
[INFO] --- build-helper-maven-plugin:1.7:add-source (add-source) @ cli ---
[INFO] Source directory: C:\workarea\source\github\jenkinsci\temp\jenkins\cli\target\generated-sources\localizer added.
[INFO]
[INFO] --- gmaven-plugin:1.5-jenkins-3:generateStubs (default) @ cli ---
[INFO] No sources found for Java stub generation
[INFO]
[INFO] --- maven-localizer-plugin:1.23:generate (default) @ cli ---
[INFO]
[INFO] --- maven-remote-resources-plugin:1.2.1:process (default) @ cli ---
[INFO]
[INFO] --- maven-resources-plugin:2.6:resources (default-resources) @ cli ---
[INFO] Using 'UTF-8' encoding to copy filtered resources.
[INFO] Copying 8 resources
[INFO] Copying 1 resource
[INFO]
[INFO] --- maven-compiler-plugin:3.0:compile (default-compile) @ cli ---
[INFO] Changes detected - recompiling the module!
[INFO] Compiling 10 source files to C:\workarea\source\github\jenkinsci\temp\jenkins\cli\target\classes
[INFO]
[INFO] --- gmaven-plugin:1.5-jenkins-3:compile (default) @ cli ---
[INFO] No sources found to compile
[INFO]
[INFO] --- animal-sniffer-maven-plugin:1.15:check (default) @ cli ---
[INFO] Checking unresolved references to org.codehaus.mojo.signature:java17:1.0
[INFO]
[INFO] --- gmaven-plugin:1.5-jenkins-3:generateTestStubs (default) @ cli ---
[INFO] No sources found for Java stub generation
[INFO]
[INFO] --- maven-resources-plugin:2.6:testResources (default-testResources) @ cli ---
[INFO] Using 'UTF-8' encoding to copy filtered resources.
[INFO] Copying 4 resources
[INFO]
[INFO] --- maven-compiler-plugin:3.0:testCompile (default-testCompile) @ cli ---
[INFO] Changes detected - recompiling the module!
[INFO] Compiling 4 source files to C:\workarea\source\github\jenkinsci\temp\jenkins\cli\target\test-classes
[INFO]
[INFO] --- gmaven-plugin:1.5-jenkins-3:testCompile (default) @ cli ---
[INFO] No sources found to compile
[INFO]
[INFO] --- maven-surefire-plugin:2.19.1:test (default-test) @ cli ---

-------------------------------------------------------
 T E S T S
-------------------------------------------------------
Running hudson.cli.ConnectionMockTest
Tests run: 1, Failures: 0, Errors: 0, Skipped: 0, Time elapsed: 0.937 sec - in hudson.cli.ConnectionMockTest
Running hudson.cli.ConnectionTest
Tests run: 2, Failures: 0, Errors: 0, Skipped: 0, Time elapsed: 0.254 sec - in hudson.cli.ConnectionTest
Running hudson.cli.PrivateKeyProviderTest
Tests run: 2, Failures: 0, Errors: 0, Skipped: 0, Time elapsed: 0.787 sec - in hudson.cli.PrivateKeyProviderTest

Results :

Tests run: 5, Failures: 0, Errors: 0, Skipped: 0

[INFO]
[INFO] --- maven-jar-plugin:2.6:jar (default-jar) @ cli ---
[INFO] Building jar: C:\workarea\source\github\jenkinsci\temp\jenkins\cli\target\cli-2.36-SNAPSHOT.jar
[INFO]
[INFO] --- maven-assembly-plugin:2.4:attached (default) @ cli ---
[INFO] Building jar: C:\workarea\source\github\jenkinsci\temp\jenkins\cli\target\cli-2.36-SNAPSHOT-jar-with-dependencies.jar
[INFO]
[INFO] >>> findbugs-maven-plugin:3.0.4:check (findbugs) > :findbugs @ cli >>>
[INFO]
[INFO] --- findbugs-maven-plugin:3.0.4:findbugs (findbugs) @ cli ---
[INFO] Fork Value is true
     [java] Dec 07, 2016 7:22:42 PM java.util.prefs.WindowsPreferences <init>
     [java] WARNING: Could not open/create prefs root node Software\JavaSoft\Prefs at root 0x80000002. Windows RegCreateKeyEx(...) returned error code 5.
[INFO] Done FindBugs Analysis....
[INFO]
[INFO] <<< findbugs-maven-plugin:3.0.4:check (findbugs) < :findbugs @ cli <<<
[INFO]
[INFO] --- findbugs-maven-plugin:3.0.4:check (findbugs) @ cli ---
[INFO] BugInstance size is 0
[INFO] Error size is 0
[INFO] No errors/warnings found
[INFO]
[INFO] --- maven-install-plugin:2.3.1:install (default-install) @ cli ---
[INFO] Installing C:\workarea\source\github\jenkinsci\temp\jenkins\cli\target\cli-2.36-SNAPSHOT.jar to C:\Users\jnord\.m2\repository\org\jenkins-ci\main\cli\2.36-SNAPSHOT\cli-2.36-SNAPSHOT.jar
[INFO] Installing C:\workarea\source\github\jenkinsci\temp\jenkins\cli\pom.xml to C:\Users\jnord\.m2\repository\org\jenkins-ci\main\cli\2.36-SNAPSHOT\cli-2.36-SNAPSHOT.pom
[INFO] Installing C:\workarea\source\github\jenkinsci\temp\jenkins\cli\target\cli-2.36-SNAPSHOT-jar-with-dependencies.jar to C:\Users\jnord\.m2\repository\org\jenkins-ci\main\cli\2.36-SNAPSHOT\cli-2.36-SNAPSHOT-jar-with-dependencies.jar
[INFO]
[INFO] ------------------------------------------------------------------------
[INFO] Building Jenkins core 2.36-SNAPSHOT
[INFO] ------------------------------------------------------------------------
[INFO]
[INFO] --- maven-enforcer-plugin:1.0.1:enforce (enforce-maven) @ jenkins-core ---
[INFO]
[INFO] --- maven-enforcer-plugin:1.0.1:display-info (display-info) @ jenkins-core ---
[INFO] Maven Version: 3.3.9
[INFO] JDK Version: 1.8.0_91 normalized as: 1.8.0-91
[INFO] OS Info: Arch: amd64 Family: dos Name: windows 10 Version: 10.0
[INFO]
[INFO] --- maven-enforcer-plugin:1.0.1:enforce (default) @ jenkins-core ---
[INFO] Adding ignore: org.eclipse.jetty.spdy.*
[INFO]
[INFO] --- maven-enforcer-plugin:1.0.1:enforce (enforce-banned-dependencies) @ jenkins-core ---
[INFO]
[INFO] --- build-helper-maven-plugin:1.7:timestamp-property (timestamp-property) @ jenkins-core ---
[INFO] Setting property 'now' to '12/07/2016 19:22 GMT'.
[INFO]
[INFO] --- build-helper-maven-plugin:1.7:regex-property (version-property) @ jenkins-core ---
[INFO] Setting property 'build.version' to '2.36-SNAPSHOT (private-12/07/2016 19:22 GMT-jnord)'.
[INFO]
[INFO] --- build-helper-maven-plugin:1.7:add-source (add-source) @ jenkins-core ---
[INFO] Source directory: C:\workarea\source\github\jenkinsci\temp\jenkins\core\target\generated-sources\antlr added.
[INFO] Source directory: C:\workarea\source\github\jenkinsci\temp\jenkins\core\target\generated-sources\localizer added.
[INFO] Source directory: C:\workarea\source\github\jenkinsci\temp\jenkins\core\target\generated-sources\taglib-interface added.
[INFO]
[INFO] --- maven-localizer-plugin:1.23:generate (default) @ jenkins-core ---
[INFO]
[INFO] --- antlr-maven-plugin:2.1:generate (cron) @ jenkins-core ---
[INFO] Using Antlr grammar: C:\workarea\source\github\jenkinsci\temp\jenkins\core\src\main\grammar\crontab.g
ANTLR Parser Generator   Version 2.7.6 (2005-12-22)   1989-2005

[INFO]
[INFO] --- antlr-maven-plugin:2.1:generate (labelExpr) @ jenkins-core ---
[INFO] Using Antlr grammar: C:\workarea\source\github\jenkinsci\temp\jenkins\core\src\main\grammar\labelExpr.g
ANTLR Parser Generator   Version 2.7.6 (2005-12-22)   1989-2005
C:\workarea\source\github\jenkinsci\temp\jenkins\core\src\main\grammar\labelExpr.g: warning:lexical nondeterminism between rules IMPLIES and ATOM upon
C:\workarea\source\github\jenkinsci\temp\jenkins\core\src\main\grammar\labelExpr.g:     k==1:'-'

[INFO]
[INFO] --- gmaven-plugin:1.5-jenkins-3:generateStubs (default) @ jenkins-core ---
[INFO] Generated 3 Java stubs
[INFO]
[INFO] --- maven-remote-resources-plugin:1.2.1:process (default) @ jenkins-core ---
[INFO]
[INFO] --- maven-hpi-plugin:1.120:generate-taglib-interface (default) @ jenkins-core ---
[INFO] lib\FormTagLib.java
[INFO] lib\JenkinsTagLib.java
[INFO] lib\LayoutTagLib.java
[INFO] lib\TestTagLib.java
[INFO] lib\LayoutTagLib.gdsl
[INFO] lib\JenkinsTagLib.gdsl
[INFO] lib\TestTagLib.gdsl
[INFO] lib\FormTagLib.gdsl
[INFO] jenkins\PluginManagerTagLib.java
[INFO] jenkins\ToolsTagLib.java
[INFO] jenkins\ToolsTagLib.gdsl
[INFO] jenkins\PluginManagerTagLib.gdsl
[INFO] lib\jenkins\NewFromListTagLib.java
[INFO] lib\jenkins\ProjectTagLib.java
[INFO] lib\jenkins\NewFromListTagLib.gdsl
[INFO] lib\jenkins\ProjectTagLib.gdsl
[INFO] jenkins\security\HudsonPrivateSecurityRealmTagLib.java
[INFO] jenkins\security\HudsonPrivateSecurityRealmTagLib.gdsl
[INFO]
[INFO] --- maven-dependency-plugin:2.8:copy (winsw) @ jenkins-core ---
[INFO] Configured Artifact: com.sun.winsw:winsw:bin:1.16:exe
[INFO] Copying winsw-1.16-bin.exe to C:\workarea\source\github\jenkinsci\temp\jenkins\core\target\classes\windows-service\jenkins.exe
[INFO]
[INFO] --- maven-resources-plugin:2.6:resources (default-resources) @ jenkins-core ---
[INFO] Using 'UTF-8' encoding to copy filtered resources.
[INFO] Copying 8471 resources
[INFO] Copying 30 resources
[INFO] Copying 2 resources
[INFO] Copying 2 resources
[INFO]
[INFO] --- maven-compiler-plugin:3.0:compile (default-compile) @ jenkins-core ---
[INFO] Changes detected - recompiling the module!
[INFO] Compiling 1040 source files to C:\workarea\source\github\jenkinsci\temp\jenkins\core\target\classes
[INFO]
[INFO] --- maven-encoding-plugin:1.1:check-encoding (default) @ jenkins-core ---
[INFO]
[INFO] --- gmaven-plugin:1.5-jenkins-3:compile (default) @ jenkins-core ---
[INFO] Compiled 15 Groovy classes
[INFO]
[INFO] --- animal-sniffer-maven-plugin:1.15:check (default) @ jenkins-core ---
[INFO] Checking unresolved references to org.codehaus.mojo.signature:java17:1.0
[INFO]
[INFO] --- bridge-method-injector:1.13:process (default) @ jenkins-core ---
[INFO]
[INFO] --- access-modifier-checker:1.4:enforce (default) @ jenkins-core ---
[INFO]
[INFO] --- gmaven-plugin:1.5-jenkins-3:generateTestStubs (default) @ jenkins-core ---
[INFO] Generated 13 Java stubs
[INFO]
[INFO] --- maven-resources-plugin:2.6:testResources (default-testResources) @ jenkins-core ---
[INFO] Using 'UTF-8' encoding to copy filtered resources.
[INFO] Copying 5 resources
[INFO]
[INFO] --- maven-compiler-plugin:3.0:testCompile (default-testCompile) @ jenkins-core ---
[INFO] Changes detected - recompiling the module!
[INFO] Compiling 115 source files to C:\workarea\source\github\jenkinsci\temp\jenkins\core\target\test-classes
[INFO]
[INFO] --- gmaven-plugin:1.5-jenkins-3:testCompile (default) @ jenkins-core ---
[INFO] Compiled 22 Groovy classes
[INFO]
[INFO] --- maven-surefire-plugin:2.19.1:test (default-test) @ jenkins-core ---

-------------------------------------------------------
 T E S T S
-------------------------------------------------------
Running hudson.BulkChangeTest
Running hudson.cli.handlers.ViewOptionHandlerTest
Running hudson.ClassicPluginStrategyTest
Running hudson.cli.ListJobsCommandTest
Tests run: 1, Failures: 0, Errors: 0, Skipped: 0, Time elapsed: 0.273 sec - in hudson.ClassicPluginStrategyTest
Tests run: 3, Failures: 0, Errors: 0, Skipped: 0, Time elapsed: 0.281 sec - in hudson.BulkChangeTest
Running hudson.console.UrlAnnotatorTest
Running hudson.EnvVarsTest
Tests run: 2, Failures: 0, Errors: 0, Skipped: 0, Time elapsed: 0.104 sec - in hudson.console.UrlAnnotatorTest
Running hudson.FilePathTest
Dec 07, 2016 7:24:11 PM hudson.EnvVars$OverrideOrderCalculator cutCycleAt
WARNING: Cyclic reference detected: A -> B -> C -> A
Dec 07, 2016 7:24:11 PM hudson.EnvVars$OverrideOrderCalculator cutCycleAt
WARNING: Cut the reference B -> C
Dec 07, 2016 7:24:11 PM hudson.EnvVars$OverrideOrderCalculator cutCycleAt
WARNING: Cyclic reference detected: D -> E -> D
Dec 07, 2016 7:24:11 PM hudson.EnvVars$OverrideOrderCalculator cutCycleAt
WARNING: Cut the reference E -> D
Tests run: 7, Failures: 0, Errors: 0, Skipped: 0, Time elapsed: 0.153 sec - in hudson.EnvVarsTest
Running hudson.FunctionsTest
Tests run: 14, Failures: 0, Errors: 0, Skipped: 0, Time elapsed: 11.375 sec - in hudson.cli.handlers.ViewOptionHandlerTest
Running hudson.LauncherTest
Tests run: 4, Failures: 0, Errors: 0, Skipped: 1, Time elapsed: 1.148 sec - in hudson.LauncherTest
Running hudson.logging.LogRecorderTest
Tests run: 4, Failures: 0, Errors: 0, Skipped: 0, Time elapsed: 0.039 sec - in hudson.logging.LogRecorderTest
Running hudson.MarkupTextTest
Tests run: 8, Failures: 0, Errors: 0, Skipped: 0, Time elapsed: 0.021 sec - in hudson.MarkupTextTest
Running hudson.model.AbstractItemTest
Tests run: 5, Failures: 0, Errors: 0, Skipped: 0, Time elapsed: 0.049 sec - in hudson.model.AbstractItemTest
Running hudson.model.ActionableTest
Tests run: 14, Failures: 0, Errors: 0, Skipped: 0, Time elapsed: 0.052 sec - in hudson.model.ActionableTest
Running hudson.model.AutoCompleteSeederTest
Tests run: 13, Failures: 0, Errors: 0, Skipped: 0, Time elapsed: 0.033 sec - in hudson.model.AutoCompleteSeederTest
Running hudson.model.BallColorTest
Tests run: 2, Failures: 0, Errors: 0, Skipped: 0, Time elapsed: 0.049 sec - in hudson.model.BallColorTest
Running hudson.model.BuildStatusSummaryTest
Tests run: 12, Failures: 0, Errors: 0, Skipped: 0, Time elapsed: 0.17 sec - in hudson.model.BuildStatusSummaryTest
Running hudson.model.ChoiceParameterDefinitionTest
Tests run: 5, Failures: 0, Errors: 0, Skipped: 0, Time elapsed: 13.001 sec - in hudson.cli.ListJobsCommandTest
Running hudson.model.ComputerTest
Tests run: 2, Failures: 0, Errors: 0, Skipped: 0, Time elapsed: 0.021 sec - in hudson.model.ChoiceParameterDefinitionTest
Running hudson.model.DisplayNameListenerTest
Dec 07, 2016 7:24:24 PM hudson.model.DisplayNameListener onRenamed
INFO: onRenamed():Setting displayname to null for item.name=new job name
Tests run: 3, Failures: 0, Errors: 0, Skipped: 0, Time elapsed: 0.023 sec - in hudson.model.DisplayNameListenerTest
Running hudson.model.FileParameterValueTest
Tests run: 2, Failures: 0, Errors: 0, Skipped: 0, Time elapsed: 0.002 sec - in hudson.model.FileParameterValueTest
Running hudson.model.FingerprintTest
Tests run: 13, Failures: 0, Errors: 0, Skipped: 0, Time elapsed: 0.182 sec - in hudson.model.FingerprintTest
Running hudson.model.ItemsTest
Tests run: 3, Failures: 0, Errors: 0, Skipped: 0, Time elapsed: 0.027 sec - in hudson.model.ItemsTest
Running hudson.model.JobTest
Tests run: 2, Failures: 0, Errors: 0, Skipped: 0, Time elapsed: 0.013 sec - in hudson.model.JobTest
Running hudson.model.listeners.SCMListenerTest
Tests run: 1, Failures: 0, Errors: 0, Skipped: 0, Time elapsed: 0.224 sec - in hudson.model.listeners.SCMListenerTest
Running hudson.model.ListViewTest
Dec 07, 2016 7:24:24 PM hudson.model.Computer relocateOldLogs
INFO: Relocated log file C:\workarea\source\github\jenkinsci\temp\jenkins\core\target\jenkins1151842078529711184test\slave-abc.log to C:\workarea\source\github\jenkinsci\temp\jenkins\core\target\jenkins1151842078529711184test\logs\slaves\abc\slave.log
Dec 07, 2016 7:24:24 PM hudson.model.Computer relocateOldLogs
INFO: Relocated log file C:\workarea\source\github\jenkinsci\temp\jenkins\core\target\jenkins1151842078529711184test\slave-def.log.5 to C:\workarea\source\github\jenkinsci\temp\jenkins\core\target\jenkins1151842078529711184test\logs\slaves\def\slave.log.5
Tests run: 1, Failures: 0, Errors: 0, Skipped: 0, Time elapsed: 0.733 sec - in hudson.model.ComputerTest
Running hudson.model.LoadStatisticsTest
Tests run: 2, Failures: 0, Errors: 0, Skipped: 0, Time elapsed: 1.192 sec - in hudson.model.LoadStatisticsTest
Running hudson.model.ParametersActionTest
Tests run: 7, Failures: 0, Errors: 0, Skipped: 0, Time elapsed: 1.504 sec - in hudson.model.ParametersActionTest
Running hudson.model.ResourceListTest
Dec 07, 2016 7:24:27 PM hudson.model.ResourceList _getConflict
INFO: Collision with E1927512926176735975(1)=1 and E1927512926176735975(1)
Dec 07, 2016 7:24:27 PM hudson.model.ResourceList _getConflict
INFO: Collision with E1927512926176735975(1)=1 and E1927512926176735975(1)
Dec 07, 2016 7:24:27 PM hudson.model.ResourceList _getConflict
INFO: Collision with E1927512926176735975(1)=2 and E1927512926176735975(1)
Dec 07, 2016 7:24:27 PM hudson.model.ResourceList _getConflict
INFO: Collision with E1927512926176735975(1)=1 and E1927512926176735975(1)
Dec 07, 2016 7:24:27 PM hudson.model.ResourceList _getConflict
INFO: Collision with E1927512926176735975(1)=3 and E1927512926176735975(1)
Dec 07, 2016 7:24:27 PM hudson.model.ResourceList _getConflict
INFO: Collision with E1927512926176735975(1)=1 and E1927512926176735975(1)
Dec 07, 2016 7:24:27 PM hudson.model.ResourceList _getConflict
INFO: Collision with E1927512926176735975(1)=4 and E1927512926176735975(1)
Dec 07, 2016 7:24:27 PM hudson.model.ResourceList _getConflict
INFO: Collision with E1927512926176735975(1)=1 and E1927512926176735975(1)
Dec 07, 2016 7:24:27 PM hudson.model.ResourceList _getConflict
INFO: Collision with E1927512926176735975(1)=5 and E1927512926176735975(1)
Dec 07, 2016 7:24:27 PM hudson.model.ResourceList _getConflict
INFO: Collision with E1927512926176735975(1)=1 and E1927512926176735975(1)
Dec 07, 2016 7:24:27 PM hudson.model.ResourceList _getConflict
INFO: Collision with E1927512926176735975(1)=6 and E1927512926176735975(1)
Dec 07, 2016 7:24:27 PM hudson.model.ResourceList _getConflict
INFO: Collision with E1927512926176735975(1)=1 and E1927512926176735975(1)
Dec 07, 2016 7:24:27 PM hudson.model.ResourceList _getConflict
INFO: Collision with E1927512926176735975(1)=7 and E1927512926176735975(1)
Dec 07, 2016 7:24:27 PM hudson.model.ResourceList _getConflict
INFO: Collision with E1927512926176735975(1)=1 and E1927512926176735975(1)
Dec 07, 2016 7:24:27 PM hudson.model.ResourceList _getConflict
INFO: Collision with E1927512926176735975(1)=7 and E1927512926176735975(1)
Dec 07, 2016 7:24:27 PM hudson.model.ResourceList _getConflict
INFO: Collision with E1927512926176735975(1)=1 and E1927512926176735975(1)
Dec 07, 2016 7:24:27 PM hudson.model.ResourceList _getConflict
INFO: Collision with E1927512926176735975(1)=8 and E1927512926176735975(1)
Dec 07, 2016 7:24:27 PM hudson.model.ResourceList _getConflict
INFO: Collision with E1927512926176735975(1)=1 and E1927512926176735975(1)
Dec 07, 2016 7:24:27 PM hudson.model.ResourceList _getConflict
INFO: Collision with E1927512926176735975(1)=9 and E1927512926176735975(1)
Dec 07, 2016 7:24:27 PM hudson.model.ResourceList _getConflict
INFO: Collision with E1927512926176735975(1)=1 and E1927512926176735975(1)
Dec 07, 2016 7:24:27 PM hudson.model.ResourceList _getConflict
INFO: Collision with E1927512926176735975(1)=10 and E1927512926176735975(1)
Dec 07, 2016 7:24:27 PM hudson.model.ResourceList _getConflict
INFO: Collision with E1927512926176735975(1)=1 and E1927512926176735975(1)
Dec 07, 2016 7:24:27 PM hudson.model.ResourceList _getConflict
INFO: Collision with E1927512926176735975(1)=11 and E1927512926176735975(1)
Dec 07, 2016 7:24:27 PM hudson.model.ResourceList _getConflict
INFO: Collision with E1927512926176735975(1)=1 and E1927512926176735975(1)
Dec 07, 2016 7:24:27 PM hudson.model.ResourceList _getConflict
INFO: Collision with F5274012497411174555(5)=5 and F5274012497411174555(5)
Dec 07, 2016 7:24:27 PM hudson.model.ResourceList _getConflict
INFO: Collision with F5274012497411174555(5)=1 and F5274012497411174555(5)
Dec 07, 2016 7:24:27 PM hudson.model.ResourceList _getConflict
INFO: Collision with F5274012497411174555(5)=6 and F5274012497411174555(5)
Dec 07, 2016 7:24:27 PM hudson.model.ResourceList _getConflict
INFO: Collision with F5274012497411174555(5)=1 and F5274012497411174555(5)
Dec 07, 2016 7:24:27 PM hudson.model.ResourceList _getConflict
INFO: Collision with F5274012497411174555(5)=7 and F5274012497411174555(5)
Dec 07, 2016 7:24:27 PM hudson.model.ResourceList _getConflict
INFO: Collision with F5274012497411174555(5)=1 and F5274012497411174555(5)
Dec 07, 2016 7:24:27 PM hudson.model.ResourceList _getConflict
INFO: Collision with F5274012497411174555(5)=8 and F5274012497411174555(5)
Dec 07, 2016 7:24:27 PM hudson.model.ResourceList _getConflict
INFO: Collision with F5274012497411174555(5)=1 and F5274012497411174555(5)
Dec 07, 2016 7:24:27 PM hudson.model.ResourceList _getConflict
INFO: Collision with F5274012497411174555(5)=9 and F5274012497411174555(5)
Dec 07, 2016 7:24:27 PM hudson.model.ResourceList _getConflict
INFO: Collision with F5274012497411174555(5)=1 and F5274012497411174555(5)
Dec 07, 2016 7:24:27 PM hudson.model.ResourceList _getConflict
INFO: Collision with A-4962768465676381896(1)=1 and A-4962768465676381896(1)
Dec 07, 2016 7:24:27 PM hudson.model.ResourceList _getConflict
INFO: Collision with A-4962768465676381896(1)=1 and A-4962768465676381896(1)
Dec 07, 2016 7:24:27 PM hudson.model.ResourceList _getConflict
INFO: Collision with A-4962768465676381896(1)/A-6688467811848818630(1)=1 and A-4962768465676381896(1)
Dec 07, 2016 7:24:27 PM hudson.model.ResourceList _getConflict
INFO: Collision with A-4962768465676381896(1)=1 and A-4962768465676381896(1)/A-6688467811848818630(1)
Dec 07, 2016 7:24:27 PM hudson.model.ResourceList _getConflict
INFO: Collision with A-4962768465676381896(1)=1 and A-4962768465676381896(1)/A-8292973307042192125(1)
Dec 07, 2016 7:24:27 PM hudson.model.ResourceList _getConflict
INFO: Collision with A-4962768465676381896(1)/A-8292973307042192125(1)=1 and A-4962768465676381896(1)
Dec 07, 2016 7:24:27 PM hudson.model.ResourceList _getConflict
INFO: Collision with C5072005423257391728(3)/C2377732757510138102(3)=3 and C5072005423257391728(3)/C2377732757510138102(3)
Dec 07, 2016 7:24:27 PM hudson.model.ResourceList _getConflict
INFO: Collision with C5072005423257391728(3)/C2377732757510138102(3)=1 and C5072005423257391728(3)/C2377732757510138102(3)
Dec 07, 2016 7:24:27 PM hudson.model.ResourceList _getConflict
INFO: Collision with A-4962768465676381896(1)=1 and A-4962768465676381896(1)
Dec 07, 2016 7:24:27 PM hudson.model.ResourceList _getConflict
INFO: Collision with A-4962768465676381896(1)=1 and A-4962768465676381896(1)
Dec 07, 2016 7:24:27 PM hudson.model.ResourceList _getConflict
INFO: Collision with A-4962768465676381896(1)=1 and A-4962768465676381896(1)
Dec 07, 2016 7:24:27 PM hudson.model.ResourceList _getConflict
INFO: Collision with A-4962768465676381896(1)=1 and A-4962768465676381896(1)
Dec 07, 2016 7:24:27 PM hudson.model.ResourceList _getConflict
INFO: Collision with A-4962768465676381896(1)=1 and A-4962768465676381896(1)/A4437113781045784766(1)
Dec 07, 2016 7:24:27 PM hudson.model.ResourceList _getConflict
INFO: Collision with A-4962768465676381896(1)=1 and A-4962768465676381896(1)
Tests run: 12, Failures: 0, Errors: 0, Skipped: 0, Time elapsed: 0.158 sec - in hudson.model.ResourceListTest
Running hudson.model.RunParameterValueTest
Tests run: 1, Failures: 0, Errors: 0, Skipped: 0, Time elapsed: 0.12 sec - in hudson.model.RunParameterValueTest
Running hudson.model.RunTest
Dec 07, 2016 7:24:28 PM hudson.model.Run onEndBuilding
WARNING: {0}: No build result is set, so marking as failure. This should not happen.
Tests run: 2, Failures: 0, Errors: 0, Skipped: 0, Time elapsed: 3.46 sec - in hudson.model.ListViewTest
Running hudson.model.TaskActionTest
Tests run: 8, Failures: 1, Errors: 0, Skipped: 0, Time elapsed: 0.242 sec <<< FAILURE! - in hudson.model.RunTest
getLogReturnsAnRightOrder(hudson.model.RunTest)  Time elapsed: 0.043 sec  <<< FAILURE!
org.junit.ComparisonFailure: expected:<[...truncated [6]8 B...]> but was:<[...truncated [7]8 B...]>
        at hudson.model.RunTest.getLogReturnsAnRightOrder(RunTest.java:192)

Tests run: 1, Failures: 0, Errors: 0, Skipped: 0, Time elapsed: 0.076 sec - in hudson.model.TaskActionTest
Running hudson.model.UpdateCenterTest
Running hudson.model.TimeSeriesTest
Tests run: 1, Failures: 0, Errors: 0, Skipped: 0, Time elapsed: 0.001 sec - in hudson.model.TimeSeriesTest
Running hudson.model.UserTest
Tests run: 5, Failures: 0, Errors: 0, Skipped: 0, Time elapsed: 0.005 sec - in hudson.model.UpdateCenterTest
Tests run: 3, Failures: 0, Errors: 0, Skipped: 0, Time elapsed: 0.005 sec - in hudson.model.UserTest
Running hudson.model.ViewTest
Running hudson.PluginManagerTest
Tests run: 2, Failures: 0, Errors: 0, Skipped: 0, Time elapsed: 0.085 sec - in hudson.model.ViewTest
Running hudson.PluginWrapperTest
Tests run: 2, Failures: 0, Errors: 0, Skipped: 0, Time elapsed: 0.006 sec - in hudson.PluginWrapperTest
Running hudson.ProxyConfigurationTest
Tests run: 1, Failures: 0, Errors: 0, Skipped: 0, Time elapsed: 0.051 sec - in hudson.ProxyConfigurationTest
Running hudson.RemoveWindowsDirectoryJunctionTest
Tests run: 4, Failures: 0, Errors: 0, Skipped: 0, Time elapsed: 0.534 sec - in hudson.PluginManagerTest
Running hudson.scheduler.CronTabDayOfWeekLocaleTest
Junction created for C:\workarea\source\github\jenkinsci\temp\jenkins\core\target\junit2263505487838189599\test Junction <<===>> C:\workarea\source\github\jenkinsci\temp\jenkins\core\target\junit2263505487838189599\notJunction
Tests run: 1, Failures: 0, Errors: 0, Skipped: 0, Time elapsed: 0.601 sec - in hudson.RemoveWindowsDirectoryJunctionTest
Running hudson.scheduler.CronTabEventualityTest
Tests run: 27, Failures: 0, Errors: 0, Skipped: 0, Time elapsed: 0.09 sec - in hudson.scheduler.CronTabEventualityTest
Running hudson.scheduler.CronTabTest
Tests run: 21, Failures: 0, Errors: 0, Skipped: 0, Time elapsed: 0.132 sec - in hudson.scheduler.CronTabTest
Running hudson.search.SearchTest
Tests run: 2, Failures: 0, Errors: 0, Skipped: 0, Time elapsed: 0.025 sec - in hudson.search.SearchTest
Running hudson.slaves.CloudTest
Tests run: 1, Failures: 0, Errors: 0, Skipped: 0, Time elapsed: 0.011 sec - in hudson.slaves.CloudTest
Running hudson.slaves.ComputerLauncherTest
Tests run: 6, Failures: 0, Errors: 0, Skipped: 0, Time elapsed: 0.029 sec - in hudson.slaves.ComputerLauncherTest
Running hudson.slaves.DelegatingComputerLauncherTest
Tests run: 2983, Failures: 0, Errors: 0, Skipped: 0, Time elapsed: 2.094 sec - in hudson.scheduler.CronTabDayOfWeekLocaleTest
Running hudson.slaves.NodeListTest
<?xml version='1.0' encoding='UTF-8'?>
<hudson.slaves.NodeList>
  <hudson.slaves.NodeListTest_-DummyNode>
    <nodeName>6911644514532421772</nodeName>
  </hudson.slaves.NodeListTest_-DummyNode>
</hudson.slaves.NodeList>
Tests run: 1, Failures: 0, Errors: 0, Skipped: 0, Time elapsed: 0.125 sec - in hudson.slaves.NodeListTest
Running hudson.tasks._maven.Maven3MojoNoteTest
Tests run: 3, Failures: 0, Errors: 0, Skipped: 0, Time elapsed: 0.008 sec - in hudson.tasks._maven.Maven3MojoNoteTest
Running hudson.triggers.SCMTriggerTest
Tests run: 1, Failures: 0, Errors: 0, Skipped: 0, Time elapsed: 0.006 sec - in hudson.triggers.SCMTriggerTest
Running hudson.triggers.TimerTriggerTest
Tests run: 1, Failures: 0, Errors: 0, Skipped: 0, Time elapsed: 0.015 sec - in hudson.triggers.TimerTriggerTest
Running hudson.util.ArgumentListBuilderTest
Tests run: 12, Failures: 0, Errors: 0, Skipped: 1, Time elapsed: 0.008 sec - in hudson.util.ArgumentListBuilderTest
Running hudson.util.ConsistentHashTest
data2
Tests run: 1, Failures: 0, Errors: 0, Skipped: 0, Time elapsed: 4.367 sec - in hudson.slaves.DelegatingComputerLauncherTest
Running hudson.util.CopyOnWriteListTest
Tests run: 1, Failures: 0, Errors: 0, Skipped: 0, Time elapsed: 0.008 sec - in hudson.util.CopyOnWriteListTest
Running hudson.util.CopyOnWriteMapTest
Tests run: 3, Failures: 0, Errors: 0, Skipped: 0, Time elapsed: 0.033 sec - in hudson.util.CopyOnWriteMapTest
Running hudson.util.CyclicGraphDetectorTest
Tests run: 3, Failures: 0, Errors: 0, Skipped: 0, Time elapsed: 0.016 sec - in hudson.util.CyclicGraphDetectorTest
Running hudson.util.DirScannerTest
Tests run: 2, Failures: 0, Errors: 0, Skipped: 0, Time elapsed: 0.069 sec - in hudson.util.DirScannerTest
Running hudson.util.FormValidationTest
Tests run: 8, Failures: 0, Errors: 0, Skipped: 0, Time elapsed: 0.012 sec - in hudson.util.FormValidationTest
Running hudson.util.io.ReopenableRotatingFileOutputStreamTest
Tests run: 1, Failures: 0, Errors: 0, Skipped: 0, Time elapsed: 0.03 sec - in hudson.util.io.ReopenableRotatingFileOutputStreamTest
Running hudson.util.io.TarArchiverTest
Tests run: 3, Failures: 0, Errors: 0, Skipped: 2, Time elapsed: 0.04 sec - in hudson.util.io.TarArchiverTest
Running hudson.util.io.ZipArchiverTest
Tests run: 1, Failures: 0, Errors: 0, Skipped: 0, Time elapsed: 0.034 sec - in hudson.util.io.ZipArchiverTest
Running hudson.util.IsOverriddenTest
Tests run: 3, Failures: 0, Errors: 0, Skipped: 0, Time elapsed: 0.005 sec - in hudson.util.IsOverriddenTest
Running hudson.util.IteratorsTest
Tests run: 4, Failures: 0, Errors: 0, Skipped: 0, Time elapsed: 0.011 sec - in hudson.util.IteratorsTest
Running hudson.util.JSONObjectResponseTest
2615
82/918
Tests run: 9, Failures: 0, Errors: 0, Skipped: 0, Time elapsed: 2.752 sec - in hudson.util.ConsistentHashTest
Running hudson.util.LineEndNormalizingWriterTest
Tests run: 3, Failures: 0, Errors: 0, Skipped: 0, Time elapsed: 0.01 sec - in hudson.util.LineEndNormalizingWriterTest
Running hudson.util.MultipartFormDataParserTest
Tests run: 1, Failures: 0, Errors: 0, Skipped: 0, Time elapsed: 0.055 sec - in hudson.util.JSONObjectResponseTest
Running hudson.util.PackedMapTest
Tests run: 1, Failures: 0, Errors: 0, Skipped: 0, Time elapsed: 0.002 sec - in hudson.util.MultipartFormDataParserTest
a=b
c=d
Running hudson.util.ProcessTreeTest
Tests run: 1, Failures: 0, Errors: 0, Skipped: 0, Time elapsed: 0.017 sec - in hudson.util.PackedMapTest
Running hudson.util.QuotedStringTokenizerTest
[foo, bar]
[foo, bar zot]
[foo, bar=quote zot]
[foo"]
[foo bar]
[foo\, bar]
[foo=bar\zot]
Tests run: 7, Failures: 0, Errors: 0, Skipped: 0, Time elapsed: 0.018 sec - in hudson.util.QuotedStringTokenizerTest
Running hudson.util.RobustReflectionConverterTest
Tests run: 3, Failures: 0, Errors: 0, Skipped: 0, Time elapsed: 0.063 sec - in hudson.util.RobustReflectionConverterTest
Running hudson.util.RunListTest
Tests run: 1, Failures: 0, Errors: 0, Skipped: 0, Time elapsed: 0.538 sec - in hudson.util.ProcessTreeTest
Running hudson.util.SecretRewriterTest
Dec 07, 2016 7:24:36 PM hudson.Util warnWindowsSymlink
WARNING: Symbolic links enabled on this platform but disabled for this user; run as administrator or use Local Security Policy > Security Settings > Local Policies > User Rights Assignment > Create symbolic links
Scanning C:\workarea\source\github\jenkinsci\temp\jenkins\core\target\junit5825166057877884911\t\a\foo.xml
Copied C:\workarea\source\github\jenkinsci\temp\jenkins\core\target\junit5825166057877884911\t\a\foo.xml to C:\workarea\source\github\jenkinsci\temp\jenkins\core\target\junit5825166057877884911\backup\a\foo.xml as a backup
Rewritten C:\workarea\source\github\jenkinsci\temp\jenkins\core\target\junit5825166057877884911\t\a\foo.xml
Copied C:\workarea\source\github\jenkinsci\temp\jenkins\core\target\junit5825166057877884911\t\b\foo.xml to C:\workarea\source\github\jenkinsci\temp\jenkins\core\target\junit5825166057877884911\backup\b\foo.xml as a backup
Rewritten C:\workarea\source\github\jenkinsci\temp\jenkins\core\target\junit5825166057877884911\t\b\foo.xml
Copied C:\workarea\source\github\jenkinsci\temp\jenkins\core\target\junit5825166057877884911\t\c\d\e\foo.xml to C:\workarea\source\github\jenkinsci\temp\jenkins\core\target\junit5825166057877884911\backup\c\d\e\foo.xml as a backup
Rewritten C:\workarea\source\github\jenkinsci\temp\jenkins\core\target\junit5825166057877884911\t\c\d\e\foo.xml
Copied C:\workarea\source\github\jenkinsci\temp\jenkins\core\target\junit5825166057877884911\t\c\d\foo.xml to C:\workarea\source\github\jenkinsci\temp\jenkins\core\target\junit5825166057877884911\backup\c\d\foo.xml as a backup
Rewritten C:\workarea\source\github\jenkinsci\temp\jenkins\core\target\junit5825166057877884911\t\c\d\foo.xml
Copied C:\workarea\source\github\jenkinsci\temp\jenkins\core\target\junit5825166057877884911\t\c\foo.xml to C:\workarea\source\github\jenkinsci\temp\jenkins\core\target\junit5825166057877884911\backup\c\foo.xml as a backup
Rewritten C:\workarea\source\github\jenkinsci\temp\jenkins\core\target\junit5825166057877884911\t\c\foo.xml
Tests run: 2, Failures: 1, Errors: 0, Skipped: 0, Time elapsed: 1.788 sec <<< FAILURE! - in hudson.util.SecretRewriterTest
recursionDetection(hudson.util.SecretRewriterTest)  Time elapsed: 0.431 sec  <<< FAILURE!
org.codehaus.groovy.runtime.powerassert.PowerAssertionError:
assert 6==sw.rewriteRecursive(t, st)
        | |  |                |  |
        | |  5                |  hudson.util.StreamTaskListener@19855799
        | |                   C:\workarea\source\github\jenkinsci\temp\jenkins\core\target\junit5825166057877884911\t
        | hudson.util.SecretRewriter@bd09a26
        false
        at hudson.util.SecretRewriterTest.recursionDetection(SecretRewriterTest.groovy:100)

Running hudson.util.SecretTest
S1sctNuAHP9cGhdi6MXUfCsVn8KeNRIiz3rH6IHREwE=
Tests run: 6, Failures: 0, Errors: 0, Skipped: 0, Time elapsed: 0.312 sec - in hudson.util.SecretTest
Running hudson.util.SubClassGeneratorTest
Tests run: 1, Failures: 0, Errors: 0, Skipped: 0, Time elapsed: 0.009 sec - in hudson.util.SubClassGeneratorTest
Running hudson.util.XStream2EncodingTest
Tests run: 2, Failures: 0, Errors: 0, Skipped: 0, Time elapsed: 0.015 sec - in hudson.util.XStream2EncodingTest
Running hudson.util.XStream2Test
Tests run: 10, Failures: 0, Errors: 0, Skipped: 0, Time elapsed: 0.318 sec - in hudson.util.XStream2Test
Running hudson.UtilTest
Tests run: 20, Failures: 0, Errors: 0, Skipped: 2, Time elapsed: 1.563 sec - in hudson.UtilTest
Running jenkins.model.CoreEnvironmentContributorTest
Tests run: 3, Failures: 0, Errors: 0, Skipped: 0, Time elapsed: 8.91 sec - in hudson.util.RunListTest
Running jenkins.model.JDKNameTest
Tests run: 4, Failures: 0, Errors: 0, Skipped: 0, Time elapsed: 0.397 sec - in jenkins.model.JDKNameTest
Running jenkins.model.JenkinsDescriptorTest
Tests run: 1, Failures: 0, Errors: 0, Skipped: 0, Time elapsed: 5.795 sec - in jenkins.model.CoreEnvironmentContributorTest
Running jenkins.model.JenkinsGetRootUrlTest
Dec 07, 2016 7:24:46 PM hudson.Functions getActionUrl
WARNING: Failed to parse URL for action: java.net.URISyntaxException: Illegal character in query at index 35: http://nowhere.net/stuff?something=^woohoo
Tests run: 15, Failures: 0, Errors: 0, Skipped: 1, Time elapsed: 35.976 sec - in hudson.FunctionsTest
Running jenkins.model.JenkinsLocationConfigurationTest
Tests run: 2, Failures: 0, Errors: 0, Skipped: 0, Time elapsed: 0.099 sec - in jenkins.model.JenkinsLocationConfigurationTest
Running jenkins.model.lazy.AbstractLazyLoadRunMapTest
Tests run: 1, Failures: 0, Errors: 0, Skipped: 0, Time elapsed: 4.233 sec - in jenkins.model.JenkinsDescriptorTest
Running jenkins.model.lazy.SortedIntListTest
Tests run: 3, Failures: 0, Errors: 0, Skipped: 0, Time elapsed: 0.006 sec - in jenkins.model.lazy.SortedIntListTest
Running jenkins.model.lazy.SortedListTest
Tests run: 7, Failures: 0, Errors: 0, Skipped: 0, Time elapsed: 0.023 sec - in jenkins.model.lazy.SortedListTest
Running jenkins.model.PeepholePermalinkTest
Dec 07, 2016 7:24:48 PM hudson.Util warnWindowsSymlink
WARNING: Symbolic links enabled on this platform but disabled for this user; run as administrator or use Local Security Policy > Security Settings > Local Policies > User Rights Assignment > Create symbolic links
Tests run: 1, Failures: 0, Errors: 0, Skipped: 0, Time elapsed: 0.06 sec - in jenkins.model.PeepholePermalinkTest
Running jenkins.model.RunIdMigratorTest
C:\workarea\source\github\jenkinsci\temp\jenkins\core\target\junit6892048556589503563\jobs\someproject\modules\test$test\builds has been restored to its original format
Dec 07, 2016 2:24:48 PM jenkins.model.RunIdMigrator migrate
FINER: migration already performed for C:\workarea\source\github\jenkinsci\temp\jenkins\core\target\junit1152512416021215903
C:\workarea\source\github\jenkinsci\temp\jenkins\core\target\junit7396039349923406503\jobs\someproject\Environment=prod\builds has been restored to its original format
Got expected move exception: java.nio.file.FileAlreadyExistsException: C:\workarea\source\github\jenkinsci\temp\jenkins\core\target\junit1212786969185581386\junit8680864958735287730.tmp
C:\workarea\source\github\jenkinsci\temp\jenkins\core\target\junit4739715604961494656\jobs\someproject\test$test\builds has been restored to its original format
Tests run: 8, Failures: 6, Errors: 0, Skipped: 0, Time elapsed: 0.263 sec <<< FAILURE! - in jenkins.model.RunIdMigratorTest
reverseImmediately(jenkins.model.RunIdMigratorTest)  Time elapsed: 0.038 sec  <<< FAILURE!
org.junit.ComparisonFailure:
expected:<...erstuff>
</run>'}, l[astFailedBuild=?-1, lastSuccessfulBuild=?99, l]egacyIds='2014-01-02...> but was:<...erstuff>
</run>'}, l[]egacyIds='2014-01-02...>
        at jenkins.model.RunIdMigratorTest.reverseImmediately(RunIdMigratorTest.java:117)

reverseAfterNewBuilds(jenkins.model.RunIdMigratorTest)  Time elapsed: 0.068 sec  <<< FAILURE!
org.junit.ComparisonFailure: expected:<{[1=?2014-01-02_03-04-05, ]2014-01-02_03-04-05=...> but was:<{[]2014-01-02_03-04-05=...>
        at jenkins.model.RunIdMigratorTest.reverseAfterNewBuilds(RunIdMigratorTest.java:129)

legacy(jenkins.model.RunIdMigratorTest)  Time elapsed: 0.008 sec  <<< FAILURE!
org.junit.ComparisonFailure:
expected:<...otherstuff>
</run>'}[, 99=?2014-01-02_03-04-05, lastFailedBuild=?-1, lastSuccessfulBuild=?99]}> but was:<...otherstuff>
</run>'}[]}>
        at jenkins.model.RunIdMigratorTest.legacy(RunIdMigratorTest.java:86)

reverseMatrixAfterNewBuilds(jenkins.model.RunIdMigratorTest)  Time elapsed: 0.026 sec  <<< FAILURE!
org.junit.ComparisonFailure: expected:<{[1=?2014-01-02_03-04-05, ]2014-01-02_03-04-05=...> but was:<{[]2014-01-02_03-04-05=...>
        at jenkins.model.RunIdMigratorTest.reverseMatrixAfterNewBuilds(RunIdMigratorTest.java:139)

reverseMavenAfterNewBuilds(jenkins.model.RunIdMigratorTest)  Time elapsed: 0.031 sec  <<< FAILURE!
org.junit.ComparisonFailure: expected:<{[1=?2014-01-02_03-04-05, ]2014-01-02_03-04-05=...> but was:<{[]2014-01-02_03-04-05=...>
        at jenkins.model.RunIdMigratorTest.reverseMavenAfterNewBuilds(RunIdMigratorTest.java:149)

reRunMigration(jenkins.model.RunIdMigratorTest)  Time elapsed: 0.034 sec  <<< FAILURE!
org.junit.ComparisonFailure:
expected:<.../number>
</run>'}, 9[8=?2014-01-02_03-04-04, 99={build.xml='<?xml version='1.0' encoding='UTF-8'?>
<run>
  <stuff>ok</stuff>
  <timestamp>1388649845000</timestamp>
  <otherstuff>ok</otherstuff>
</run>'}, lastFailedBuild=?-1, lastSuccessfulBuild=?99]}> but was:<.../number>
</run>'}, 9[9={build.xml='<?xml version='1.0' encoding='UTF-8'?>
<run>
  <stuff>ok</stuff>
  <timestamp>1388649845000</timestamp>
  <otherstuff>ok</otherstuff>
</run>'}]}>
        at jenkins.model.RunIdMigratorTest.reRunMigration(RunIdMigratorTest.java:105)

Running jenkins.RemotingJarSignatureTest
Verifying C:\Users\jnord\.m2\repository\org\jenkins-ci\main\remoting\3.2\remoting-3.2.jar
Tests run: 1, Failures: 0, Errors: 0, Skipped: 0, Time elapsed: 0.199 sec - in jenkins.RemotingJarSignatureTest
Running jenkins.ResilientJsonObjectTest
Tests run: 6, Failures: 0, Errors: 0, Skipped: 0, Time elapsed: 4.13 sec - in jenkins.model.JenkinsGetRootUrlTest
Running jenkins.security.CryptoConfidentialKeyTest
Tests run: 1, Failures: 0, Errors: 0, Skipped: 0, Time elapsed: 0.066 sec - in jenkins.ResilientJsonObjectTest
Running jenkins.security.DefaultConfidentialStoreTest
Tests run: 22, Failures: 0, Errors: 0, Skipped: 0, Time elapsed: 1.449 sec - in jenkins.model.lazy.AbstractLazyLoadRunMapTest
Running jenkins.security.HexStringConfidentialKeyTest
Tests run: 3, Failures: 0, Errors: 0, Skipped: 0, Time elapsed: 0.204 sec - in jenkins.security.CryptoConfidentialKeyTest
Running jenkins.security.HMACConfidentialKeyTest
Tests run: 2, Failures: 0, Errors: 0, Skipped: 0, Time elapsed: 0.15 sec - in jenkins.security.HMACConfidentialKeyTest
Running jenkins.security.RSAConfidentialKeyTest
Tests run: 1, Failures: 0, Errors: 0, Skipped: 0, Time elapsed: 1.37 sec - in jenkins.security.DefaultConfidentialStoreTest
Tests run: 1, Failures: 0, Errors: 0, Skipped: 0, Time elapsed: 1.071 sec - in jenkins.security.RSAConfidentialKeyTest
Running jenkins.security.RSADigitalSignatureConfidentialKeyTest
Running jenkins.triggers.SCMTriggerItemTest
Tests run: 4, Failures: 0, Errors: 0, Skipped: 0, Time elapsed: 1.536 sec - in jenkins.security.HexStringConfidentialKeyTest
Running jenkins.util.AtmostOneTaskExecutorTest
Tests run: 1, Failures: 0, Errors: 0, Skipped: 0, Time elapsed: 0.628 sec - in jenkins.util.AtmostOneTaskExecutorTest
Running jenkins.util.JenkinsJVMTest
Tests run: 4, Failures: 0, Errors: 0, Skipped: 0, Time elapsed: 0.017 sec - in jenkins.util.JenkinsJVMTest
Running jenkins.util.MarkFindingOutputStreamTest
Tests run: 5, Failures: 0, Errors: 0, Skipped: 0, Time elapsed: 0.003 sec - in jenkins.util.MarkFindingOutputStreamTest
Running jenkins.util.ResourceBundleUtilTest
Tests run: 3, Failures: 0, Errors: 0, Skipped: 0, Time elapsed: 0.07 sec - in jenkins.util.ResourceBundleUtilTest
Running jenkins.util.TimerTest
Tests run: 1, Failures: 0, Errors: 0, Skipped: 0, Time elapsed: 0.025 sec - in jenkins.util.TimerTest
Running jenkins.util.TreeStringBuilderTest
Tests run: 2, Failures: 0, Errors: 0, Skipped: 0, Time elapsed: 0.029 sec - in jenkins.util.TreeStringBuilderTest
Running jenkins.util.VirtualFileTest
Dec 07, 2016 7:24:51 PM hudson.Util warnWindowsSymlink
WARNING: Symbolic links enabled on this platform but disabled for this user; run as administrator or use Local Security Policy > Security Settings > Local Policies > User Rights Assignment > Create symbolic links
Tests run: 1, Failures: 1, Errors: 0, Skipped: 0, Time elapsed: 0.06 sec <<< FAILURE! - in jenkins.util.VirtualFileTest
outsideSymlinks(jenkins.util.VirtualFileTest)  Time elapsed: 0.054 sec  <<< FAILURE!
java.lang.AssertionError
        at jenkins.util.VirtualFileTest.outsideSymlinks(VirtualFileTest.java:53)

Tests run: 1, Failures: 0, Errors: 0, Skipped: 0, Time elapsed: 1.032 sec - in jenkins.triggers.SCMTriggerItemTest
Running jenkins.widgets.HistoryPageFilterTest
Running jenkins.util.xstream.XStreamDOMTest
<jenkins.util.xstream.XStreamDOM>
  <jenkins.util.xstream.XStreamDOMTest_-Name__That__Gets__Escaped/>
</jenkins.util.xstream.XStreamDOM>
<foo>
  <bar>
    <test1 key="value">text!</test1>
  </bar>
  <zot>
    <test2 key="value">
      <test1 key="value">text!</test1>
    </test2>
  </zot>
</foo>
<foo>
  <bar>
    <test1 key="value">text!</test1>
  </bar>
  <zot>
    <test2 key="value">
      <test1 key="value">text!</test1>
    </test2>
  </zot>
</foo>
<jenkins.util.xstream.XStreamDOM>
  <string-array/>
</jenkins.util.xstream.XStreamDOM>
j9pUNzFeyxWsI8js5wXHRr4Dh0L29hVWCbq61LT4pkMGiRqjFhzynYdBIDc6T8TeiqQA2d4/FZBRqYYzmWLhnlDNAPq+bTHX2CUjL0zq/DZ+3m+OpYA92tkyCWwLlp4WZJlrJSlYSaXmVOvAHnuBjDRx6a//iUrc8kH2sPrgs+J6c86rnRxwqYqY3TjaqoKBT9e7hfzlb1t7+TGAOCXm9J461ZjClzvWgUN/r0wuFV2fW+H7KP3inOMFLjieXSQkcKMVSzBAfMaQZCiFMvHgOzJcZtulvXFsTsMlfNvcfc6mLZdwy/ODPkaUBW+7tnj5SnJeC5R8dxgNhxeyzGEbHQ==
Tests run: 8, Failures: 0, Errors: 0, Skipped: 0, Time elapsed: 0.182 sec - in jenkins.util.xstream.XStreamDOMTest
Running jenkins.xml.XMLUtilsTest
Tests run: 13, Failures: 0, Errors: 0, Skipped: 0, Time elapsed: 0.204 sec - in jenkins.widgets.HistoryPageFilterTest
Tests run: 1, Failures: 0, Errors: 0, Skipped: 0, Time elapsed: 1.285 sec - in jenkins.security.RSADigitalSignatureConfidentialKeyTest
Java HotSpot(TM) 64-Bit Server VM warning: ignoring option MaxPermSize=128m; support was removed in 8.0
Java HotSpot(TM) 64-Bit Server VM warning: ignoring option MaxPermSize=128m; support was removed in 8.0
[Fatal Error] :2:10: DOCTYPE is disallowed when the feature "http://apache.org/xml/features/disallow-doctype-decl" set to true.
Tests run: 4, Failures: 0, Errors: 0, Skipped: 0, Time elapsed: 0.301 sec - in jenkins.xml.XMLUtilsTest
Java HotSpot(TM) 64-Bit Server VM warning: ignoring option MaxPermSize=128m; support was removed in 8.0
Tests run: 26, Failures: 0, Errors: 0, Skipped: 2, Time elapsed: 135.422 sec - in hudson.FilePathTest
Java HotSpot(TM) 64-Bit Server VM warning: ignoring option MaxPermSize=128m; support was removed in 8.0

Results :

Failed tests:
  RunTest.getLogReturnsAnRightOrder:192 expected:<[...truncated [6]8 B...]> but was:<[...truncated [7]8 B...]>
  SecretRewriterTest.recursionDetection:100 assert 6==sw.rewriteRecursive(t, st)
        | |  |                |  |
        | |  5                |  hudson.util.StreamTaskListener@19855799
        | |                   C:\workarea\source\github\jenkinsci\temp\jenkins\core\target\junit5825166057877884911\t
        | hudson.util.SecretRewriter@bd09a26
        false
  RunIdMigratorTest.legacy:86 expected:<...otherstuff>
</run>'}[, 99=?2014-01-02_03-04-05, lastFailedBuild=?-1, lastSuccessfulBuild=?99]}> but was:<...otherstuff>
</run>'}[]}>
  RunIdMigratorTest.reRunMigration:105 expected:<.../number>
</run>'}, 9[8=?2014-01-02_03-04-04, 99={build.xml='<?xml version='1.0' encoding='UTF-8'?>
<run>
  <stuff>ok</stuff>
  <timestamp>1388649845000</timestamp>
  <otherstuff>ok</otherstuff>
</run>'}, lastFailedBuild=?-1, lastSuccessfulBuild=?99]}> but was:<.../number>
</run>'}, 9[9={build.xml='<?xml version='1.0' encoding='UTF-8'?>
<run>
  <stuff>ok</stuff>
  <timestamp>1388649845000</timestamp>
  <otherstuff>ok</otherstuff>
</run>'}]}>
  RunIdMigratorTest.reverseAfterNewBuilds:129 expected:<{[1=?2014-01-02_03-04-05, ]2014-01-02_03-04-05=...> but was:<{[]2014-01-02_03-04-05=...>
  RunIdMigratorTest.reverseImmediately:117 expected:<...erstuff>
</run>'}, l[astFailedBuild=?-1, lastSuccessfulBuild=?99, l]egacyIds='2014-01-02...> but was:<...erstuff>
</run>'}, l[]egacyIds='2014-01-02...>
  RunIdMigratorTest.reverseMatrixAfterNewBuilds:139 expected:<{[1=?2014-01-02_03-04-05, ]2014-01-02_03-04-05=...> but was:<{[]2014-01-02_03-04-05=...>
  RunIdMigratorTest.reverseMavenAfterNewBuilds:149 expected:<{[1=?2014-01-02_03-04-05, ]2014-01-02_03-04-05=...> but was:<{[]2014-01-02_03-04-05=...>
  VirtualFileTest.outsideSymlinks:53

Tests run: 3484, Failures: 9, Errors: 0, Skipped: 9

[INFO] ------------------------------------------------------------------------
[INFO] Reactor Summary:
[INFO]
[INFO] Jenkins main module ................................ SUCCESS [  9.538 s]
[INFO] Jenkins cli ........................................ SUCCESS [ 24.909 s]
[INFO] Jenkins core ....................................... FAILURE [03:38 min]
[INFO] Jenkins war ........................................ SKIPPED
[INFO] Tests for Jenkins core ............................. SKIPPED
[INFO] ------------------------------------------------------------------------
[INFO] BUILD FAILURE
[INFO] ------------------------------------------------------------------------
[INFO] Total time: 04:17 min
[INFO] Finished at: 2016-12-07T19:26:27+00:00
[INFO] Final Memory: 53M/326M
[INFO] ------------------------------------------------------------------------
[ERROR] Failed to execute goal org.apache.maven.plugins:maven-surefire-plugin:2.19.1:test (default-test) on project jenkins-core: There are test failures.
[ERROR]
[ERROR] Please refer to C:\workarea\source\github\jenkinsci\temp\jenkins\core\target\surefire-reports for the individual test results.
[ERROR] -> [Help 1]
[ERROR]
[ERROR] To see the full stack trace of the errors, re-run Maven with the -e switch.
[ERROR] Re-run Maven using the -X switch to enable full debug logging.
[ERROR]
[ERROR] For more information about the errors and possible solutions, please read the following articles:
[ERROR] [Help 1] http://cwiki.apache.org/confluence/display/MAVEN/MojoFailureException
[ERROR]
[ERROR] After correcting the problems, you can resume the build with the command
[ERROR]   mvn <goals> -rf :jenkins-core
